<?xml version="1.0" encoding="UTF-8"?>
<!-- Generated by org.testng.reporters.JUnitXMLReporter -->
<testsuite ignored="4" hostname="LAPTOP-QUJPMPBN" failures="0" tests="0" time="0.012" errors="0" timestamp="2025-04-14T14:23:03 IST">
  <testcase classname="Panel.Base_BuyoTest" name="test_order_page" time="0.0">
    <ignored/>
  </testcase> <!-- test_order_page -->
  <testcase classname="Panel.Base_BuyoTest" name="test_payment_pages" time="0.0">
    <ignored/>
  </testcase> <!-- test_payment_pages -->
  <testcase classname="Panel.Base_BuyoTest" name="test_dispatch_pages" time="0.0">
    <ignored/>
  </testcase> <!-- test_dispatch_pages -->
  <testcase classname="Panel.Base_BuyoTest" name="test_purchase_order" time="0.0">
    <ignored/>
  </testcase> <!-- test_purchase_order -->
</testsuite>
